<?xml version="1.0" encoding="UTF-8"?>
<!-- Generated by org.testng.reporters.JUnitReportReporter -->
<testsuite hostname="DESKTOP-O8HFBAS" failures="0" tests="1" name="TestMockAPI" time="5.474" errors="0" timestamp="2024-12-28T23:51:27 JST" skipped="0">
  <testcase classname="TestMockAPI" name="mockAPI" time="5.474"/>
</testsuite> <!-- TestMockAPI -->
