<?xml version="1.0" encoding="UTF-8"?>
<!-- Generated by org.testng.reporters.JUnitReportReporter -->
<testsuite hostname="DESKTOP-O8HFBAS" failures="0" tests="1" name="TestRestAPI" time="6.396" errors="0" timestamp="2024-12-30T00:37:45 JST" skipped="0">
  <testcase classname="TestRestAPI" name="testAPI" time="6.396"/>
</testsuite> <!-- TestRestAPI -->
