<?xml version="1.0" encoding="UTF-8"?>
<!-- Generated by org.testng.reporters.JUnitReportReporter -->
<testsuite hostname="DESKTOP-O8HFBAS" failures="0" tests="1" name="TestAPIGetRandomUser" time="10.265" errors="0" timestamp="2024-12-29T12:32:01 JST" skipped="0">
  <testcase classname="TestAPIGetRandomUser" name="getRandomUserEmail" time="10.265"/>
</testsuite> <!-- TestAPIGetRandomUser -->
