<?xml version="1.0" encoding="UTF-8"?>
<!-- Generated by org.testng.reporters.JUnitReportReporter -->
<testsuite hostname="DESKTOP-O8HFBAS" failures="0" tests="1" name="APITest1" time="4.372" errors="0" timestamp="2024-12-28T22:47:16 JST" skipped="0">
  <testcase classname="APITest1" name="testGetRandomUserEmail" time="4.372"/>
</testsuite> <!-- APITest1 -->
