<?xml version="1.0" encoding="UTF-8"?>
<!-- Generated by org.testng.reporters.JUnitReportReporter -->
<testsuite hostname="DESKTOP-O8HFBAS" failures="0" tests="1" name="TestAPIValidUserID" time="15.633" errors="0" timestamp="2024-12-29T12:33:20 JST" skipped="0">
  <testcase classname="TestAPIValidUserID" name="ValidUserIDs" time="15.633"/>
</testsuite> <!-- TestAPIValidUserID -->
