<?xml version="1.0" encoding="UTF-8"?>
<!-- Generated by org.testng.reporters.JUnitReportReporter -->
<testsuite hostname="DESKTOP-O8HFBAS" failures="0" tests="1" name="TestAPIValidPostID" time="4.631" errors="0" timestamp="2024-12-28T23:36:51 JST" skipped="0">
  <testcase classname="TestAPIValidPostID" name="userValidPostIDs" time="4.631"/>
</testsuite> <!-- TestAPIValidPostID -->
