<?xml version="1.0" encoding="UTF-8"?>
<!-- Generated by org.testng.reporters.JUnitReportReporter -->
<testsuite hostname="DESKTOP-O8HFBAS" failures="0" tests="1" name="APITestGetRandomUser" time="4.076" errors="0" timestamp="2024-12-28T22:52:00 JST" skipped="0">
  <testcase classname="APITestGetRandomUser" name="testGetRandomUserEmail" time="4.076"/>
</testsuite> <!-- APITestGetRandomUser -->
